2023-03-10 14:38:20,103 INFO o.a.j.u.JMeterUtils: Setting Locale to en_EN
2023-03-10 14:38:20,114 INFO o.a.j.JMeter: Loading user properties from: /opt/homebrew/Cellar/jmeter/5.5/libexec/bin/user.properties
2023-03-10 14:38:20,114 INFO o.a.j.JMeter: Loading system properties from: /opt/homebrew/Cellar/jmeter/5.5/libexec/bin/system.properties
2023-03-10 14:38:20,117 INFO o.a.j.JMeter: Copyright (c) 1998-2022 The Apache Software Foundation
2023-03-10 14:38:20,117 INFO o.a.j.JMeter: Version 5.5
2023-03-10 14:38:20,117 INFO o.a.j.JMeter: java.version=19.0.2
2023-03-10 14:38:20,117 INFO o.a.j.JMeter: java.vm.name=OpenJDK 64-Bit Server VM
2023-03-10 14:38:20,117 INFO o.a.j.JMeter: os.name=Mac OS X
2023-03-10 14:38:20,117 INFO o.a.j.JMeter: os.arch=aarch64
2023-03-10 14:38:20,117 INFO o.a.j.JMeter: os.version=12.6
2023-03-10 14:38:20,117 INFO o.a.j.JMeter: file.encoding=UTF-8
2023-03-10 14:38:20,117 INFO o.a.j.JMeter: java.awt.headless=true
2023-03-10 14:38:20,117 INFO o.a.j.JMeter: Max memory     =1073741824
2023-03-10 14:38:20,117 INFO o.a.j.JMeter: Available Processors =8
2023-03-10 14:38:20,122 INFO o.a.j.JMeter: Default Locale=English (EN)
2023-03-10 14:38:20,122 INFO o.a.j.JMeter: JMeter  Locale=English (EN)
2023-03-10 14:38:20,122 INFO o.a.j.JMeter: JMeterHome=/opt/homebrew/Cellar/jmeter/5.5/libexec
2023-03-10 14:38:20,122 INFO o.a.j.JMeter: user.dir  =/Users/aisling/Documents/University/L4 Project/ACJ in JavaScript - L4 Project/ACJ-in-JavaScript/JMeter-tests
2023-03-10 14:38:20,122 INFO o.a.j.JMeter: PWD       =/Users/aisling/Documents/University/L4 Project/ACJ in JavaScript - L4 Project/ACJ-in-JavaScript/JMeter-tests
2023-03-10 14:38:20,123 INFO o.a.j.JMeter: IP: 172.30.156.142 Name: glaroam2-156-142.wireless.gla.ac.uk FullName: glaroam2-156-142.wireless.gla.ac.uk
2023-03-10 14:38:20,128 INFO o.a.j.JMeter: Setting property 'jmeter.reportgenerator.outputdir' to:'/Users/aisling/Documents/University/L4 Project/ACJ in JavaScript - L4 Project/ACJ-in-JavaScript/JMeter-tests-results/acj-open-status-results'
2023-03-10 14:38:20,130 INFO o.a.j.s.FileServer: Default base='/Users/aisling/Documents/University/L4 Project/ACJ in JavaScript - L4 Project/ACJ-in-JavaScript/JMeter-tests'
2023-03-10 14:38:20,131 INFO o.a.j.s.FileServer: Set new base='/Users/aisling/Documents/University/L4 Project/ACJ in JavaScript - L4 Project/ACJ-in-JavaScript/JMeter-tests'
2023-03-10 14:38:20,224 INFO o.a.j.s.SaveService: Testplan (JMX) version: 2.2. Testlog (JTL) version: 2.2
2023-03-10 14:38:20,237 INFO o.a.j.s.SaveService: Using SaveService properties version 5.0
2023-03-10 14:38:20,239 INFO o.a.j.s.SaveService: Using SaveService properties file encoding UTF-8
2023-03-10 14:38:20,240 INFO o.a.j.s.SaveService: Loading file: /Users/aisling/Documents/University/L4 Project/ACJ in JavaScript - L4 Project/ACJ-in-JavaScript/JMeter-tests/acj-open-status.jmx
2023-03-10 14:38:20,260 INFO o.a.j.p.h.c.CookieManager: Settings: Delete null: true Check: true Allow variable: true Save: false Prefix: COOKIE_
2023-03-10 14:38:20,262 INFO o.a.j.p.h.c.CacheManager: Will only cache the following methods: [GET]
2023-03-10 14:38:20,272 INFO o.a.j.p.h.s.HTTPSamplerBase: Parser for text/html is org.apache.jmeter.protocol.http.parser.LagartoBasedHtmlParser
2023-03-10 14:38:20,272 INFO o.a.j.p.h.s.HTTPSamplerBase: Parser for application/xhtml+xml is org.apache.jmeter.protocol.http.parser.LagartoBasedHtmlParser
2023-03-10 14:38:20,272 INFO o.a.j.p.h.s.HTTPSamplerBase: Parser for application/xml is org.apache.jmeter.protocol.http.parser.LagartoBasedHtmlParser
2023-03-10 14:38:20,272 INFO o.a.j.p.h.s.HTTPSamplerBase: Parser for text/xml is org.apache.jmeter.protocol.http.parser.LagartoBasedHtmlParser
2023-03-10 14:38:20,272 INFO o.a.j.p.h.s.HTTPSamplerBase: Parser for text/vnd.wap.wml is org.apache.jmeter.protocol.http.parser.RegexpHTMLParser
2023-03-10 14:38:20,272 INFO o.a.j.p.h.s.HTTPSamplerBase: Parser for text/css is org.apache.jmeter.protocol.http.parser.CssParser
2023-03-10 14:38:20,286 INFO o.a.j.JMeter: Creating summariser <summary>
2023-03-10 14:38:20,287 INFO o.a.j.r.d.ReportGenerator: ReportGenerator will use for Parsing the separator: ','
2023-03-10 14:38:20,288 INFO o.a.j.r.d.ReportGenerator: Will generate report at end of test from  results file: /Users/aisling/Documents/University/L4 Project/ACJ in JavaScript - L4 Project/ACJ-in-JavaScript/JMeter-tests/results2.csv
2023-03-10 14:38:20,288 INFO o.a.j.r.d.ReportGenerator: Reading report generator properties from: /opt/homebrew/Cellar/jmeter/5.5/libexec/bin/reportgenerator.properties
2023-03-10 14:38:20,288 INFO o.a.j.r.d.ReportGenerator: Merging with JMeter properties
2023-03-10 14:38:20,290 INFO o.a.j.r.c.ReportGeneratorConfiguration: Property 'jmeter.reportgenerator.temp_dir' not found, using default value 'temp' instead.
2023-03-10 14:38:20,291 INFO o.a.j.r.c.ReportGeneratorConfiguration: Property 'jmeter.reportgenerator.apdex_per_transaction' not found, using default value 'null' instead.
2023-03-10 14:38:20,291 INFO o.a.j.r.c.ReportGeneratorConfiguration: apdex_per_transaction is empty, not APDEX per transaction customization
2023-03-10 14:38:20,291 INFO o.a.j.r.c.ReportGeneratorConfiguration: Property 'jmeter.reportgenerator.sample_filter' not found, using default value 'null' instead.
2023-03-10 14:38:20,291 INFO o.a.j.r.c.ReportGeneratorConfiguration: Property 'jmeter.reportgenerator.report_title' not found, using default value 'null' instead.
2023-03-10 14:38:20,291 INFO o.a.j.r.c.ReportGeneratorConfiguration: Property 'jmeter.reportgenerator.start_date' not found, using default value 'null' instead.
2023-03-10 14:38:20,292 INFO o.a.j.r.c.ReportGeneratorConfiguration: Property 'jmeter.reportgenerator.end_date' not found, using default value 'null' instead.
2023-03-10 14:38:20,292 INFO o.a.j.r.c.ReportGeneratorConfiguration: Property 'jmeter.reportgenerator.date_format' not found, using default value 'null' instead.
2023-03-10 14:38:20,292 INFO o.a.j.r.c.ReportGeneratorConfiguration: Will use date range start date: null, end date: null
2023-03-10 14:38:20,294 INFO o.a.j.r.c.ReportGeneratorConfiguration: Property 'jmeter.reportgenerator.graph.totalTPS.exclude_controllers' not found, using default value 'false' instead.
2023-03-10 14:38:20,294 INFO o.a.j.r.c.ReportGeneratorConfiguration: Property 'jmeter.reportgenerator.graph.activeThreadsOverTime.exclude_controllers' not found, using default value 'false' instead.
2023-03-10 14:38:20,294 INFO o.a.j.r.c.ReportGeneratorConfiguration: Property 'jmeter.reportgenerator.graph.timeVsThreads.exclude_controllers' not found, using default value 'false' instead.
2023-03-10 14:38:20,294 INFO o.a.j.r.c.ReportGeneratorConfiguration: Property 'jmeter.reportgenerator.graph.responseTimeDistribution.exclude_controllers' not found, using default value 'false' instead.
2023-03-10 14:38:20,294 INFO o.a.j.r.c.ReportGeneratorConfiguration: Property 'jmeter.reportgenerator.graph.transactionsPerSecond.exclude_controllers' not found, using default value 'false' instead.
2023-03-10 14:38:20,294 INFO o.a.j.r.c.ReportGeneratorConfiguration: Property 'jmeter.reportgenerator.graph.responseTimePercentiles.exclude_controllers' not found, using default value 'false' instead.
2023-03-10 14:38:20,294 INFO o.a.j.r.c.ReportGeneratorConfiguration: Property 'jmeter.reportgenerator.graph.responseTimePercentilesOverTime.exclude_controllers' not found, using default value 'false' instead.
2023-03-10 14:38:20,294 INFO o.a.j.r.c.ReportGeneratorConfiguration: Property 'jmeter.reportgenerator.graph.responseTimesOverTime.exclude_controllers' not found, using default value 'false' instead.
2023-03-10 14:38:20,294 INFO o.a.j.r.c.ReportGeneratorConfiguration: Property 'jmeter.reportgenerator.graph.connectTimeOverTime.exclude_controllers' not found, using default value 'false' instead.
2023-03-10 14:38:20,294 INFO o.a.j.r.c.ReportGeneratorConfiguration: Property 'jmeter.reportgenerator.graph.latenciesOverTime.exclude_controllers' not found, using default value 'false' instead.
2023-03-10 14:38:20,295 INFO o.a.j.r.c.ReportGeneratorConfiguration: Property 'jmeter.reportgenerator.exporter.json.filters_only_sample_series' not found, using default value 'true' instead.
2023-03-10 14:38:20,295 INFO o.a.j.r.c.ReportGeneratorConfiguration: Property 'jmeter.reportgenerator.exporter.json.series_filter' not found, using default value '' instead.
2023-03-10 14:38:20,295 INFO o.a.j.r.c.ReportGeneratorConfiguration: Property 'jmeter.reportgenerator.exporter.json.show_controllers_only' not found, using default value 'false' instead.
2023-03-10 14:38:20,295 INFO o.a.j.r.c.ReportGeneratorConfiguration: Property 'jmeter.reportgenerator.exporter.html.filters_only_sample_series' not found, using default value 'true' instead.
2023-03-10 14:38:20,295 INFO o.a.j.r.c.ReportGeneratorConfiguration: Property 'jmeter.reportgenerator.exporter.html.series_filter' not found, using default value '' instead.
2023-03-10 14:38:20,295 INFO o.a.j.r.c.ReportGeneratorConfiguration: Property 'jmeter.reportgenerator.exporter.html.show_controllers_only' not found, using default value 'false' instead.
2023-03-10 14:38:20,300 INFO o.a.j.e.StandardJMeterEngine: Running the test!
2023-03-10 14:38:20,300 INFO o.a.j.s.SampleEvent: List of sample_variables: []
2023-03-10 14:38:20,300 INFO o.a.j.s.SampleEvent: List of sample_variables: []
2023-03-10 14:38:20,302 INFO o.a.j.e.u.CompoundVariable: Note: Function class names must contain the string: '.functions.'
2023-03-10 14:38:20,302 INFO o.a.j.e.u.CompoundVariable: Note: Function class names must not contain the string: '.gui.'
2023-03-10 14:38:20,347 INFO o.a.j.JMeter: Running test (1678459100347)
2023-03-10 14:38:20,359 INFO o.a.j.e.StandardJMeterEngine: Starting ThreadGroup: 1 : Thread Group
2023-03-10 14:38:20,359 INFO o.a.j.e.StandardJMeterEngine: Starting 10 threads for group Thread Group.
2023-03-10 14:38:20,359 INFO o.a.j.e.StandardJMeterEngine: Thread will continue on error
2023-03-10 14:38:20,359 INFO o.a.j.t.ThreadGroup: Starting thread group... number=1 threads=10 ramp-up=5 delayedStart=false
2023-03-10 14:38:20,363 INFO o.a.j.s.SampleResult: Note: Sample TimeStamps are START times
2023-03-10 14:38:20,363 INFO o.a.j.s.SampleResult: sampleresult.default.encoding is set to ISO-8859-1
2023-03-10 14:38:20,363 INFO o.a.j.s.SampleResult: sampleresult.useNanoTime=true
2023-03-10 14:38:20,363 INFO o.a.j.s.SampleResult: sampleresult.nanoThreadSleep=5000
2023-03-10 14:38:20,363 INFO o.a.j.t.JMeterThread: Thread started: Thread Group 1-1
2023-03-10 14:38:20,364 INFO o.a.j.t.ThreadGroup: Started thread group number 1
2023-03-10 14:38:20,364 INFO o.a.j.e.StandardJMeterEngine: All thread groups have been started
2023-03-10 14:38:20,370 INFO o.a.j.p.h.s.HTTPHCAbstractImpl: Local host = glaroam2-156-142.wireless.gla.ac.uk
2023-03-10 14:38:20,372 INFO o.a.j.p.h.s.HTTPHC4Impl: HTTP request retry count = 0
2023-03-10 14:38:20,415 INFO o.a.j.p.h.p.BaseParser: Created org.apache.jmeter.protocol.http.parser.LagartoBasedHtmlParser
2023-03-10 14:38:20,428 INFO o.a.j.p.h.s.ResourcesDownloader: Creating ResourcesDownloader with keepalive_inseconds : 60
2023-03-10 14:38:20,461 INFO o.a.j.p.h.s.h.LazyLayeredConnectionSocketFactory: Setting up HTTPS TrustAll Socket Factory
2023-03-10 14:38:20,463 INFO o.a.j.u.JsseSSLManager: Using default SSL protocol: TLS
2023-03-10 14:38:20,463 INFO o.a.j.u.JsseSSLManager: SSL session context: per-thread
2023-03-10 14:38:20,597 INFO o.a.j.u.SSLManager: JmeterKeyStore Location:  type JKS
2023-03-10 14:38:20,599 INFO o.a.j.u.SSLManager: KeyStore created OK
2023-03-10 14:38:20,599 WARN o.a.j.u.SSLManager: Keystore file not found, loading empty keystore
2023-03-10 14:38:20,865 INFO o.a.j.t.JMeterThread: Thread started: Thread Group 1-2
2023-03-10 14:38:20,969 INFO o.a.j.p.h.p.BaseParser: Created org.apache.jmeter.protocol.http.parser.CssParser
2023-03-10 14:38:21,366 INFO o.a.j.t.JMeterThread: Thread started: Thread Group 1-3
2023-03-10 14:38:21,865 INFO o.a.j.t.JMeterThread: Thread started: Thread Group 1-4
2023-03-10 14:38:22,365 INFO o.a.j.t.JMeterThread: Thread started: Thread Group 1-5
2023-03-10 14:38:22,865 INFO o.a.j.t.JMeterThread: Thread started: Thread Group 1-6
2023-03-10 14:38:23,364 INFO o.a.j.t.JMeterThread: Thread started: Thread Group 1-7
2023-03-10 14:38:23,864 INFO o.a.j.t.JMeterThread: Thread started: Thread Group 1-8
2023-03-10 14:38:24,365 INFO o.a.j.t.JMeterThread: Thread started: Thread Group 1-9
2023-03-10 14:38:24,865 INFO o.a.j.t.JMeterThread: Thread started: Thread Group 1-10
2023-03-10 14:38:25,379 WARN c.h.c.r.e.LoggingCSSParseErrorHandler: Browser compliant mode skipped CSS from [5:51760] starting at token ' ' until [5:51761] to token ';' (based on com.helger.css.parser.ParseException: Encountered unexpected token: ";" ";"
    at line 5, column 51761.

Was expecting one of:

    "+"
    "-"
    "["
    "and"
    "expression("
    "from"
    "inherit"
    "not"
    "only"
    "or"
    "to"
    <ANGLE_DEG>
    <ANGLE_GRAD>
    <ANGLE_RAD>
    <ANGLE_TURN>
    <CH>
    <DPCM>
    <DPI>
    <DPPX>
    <EM>
    <EX>
    <FR>
    <FREQ_HZ>
    <FREQ_KHZ>
    <FUNCTION>
    <FUNCTION_CALC>
    <HASH>
    <IDENT>
    <LENGTH_CM>
    <LENGTH_IN>
    <LENGTH_MM>
    <LENGTH_PC>
    <LENGTH_PT>
    <LENGTH_Q>
    <NUMBER>
    <PERCENTAGE>
    <PX>
    <REM>
    <S>
    <STRING1>
    <STRING2>
    <TIME_MS>
    <TIME_S>
    <URANGE>
    <URL>
    <VH>
    <VMAX>
    <VMIN>
    <VW>
)
2023-03-10 14:38:25,388 WARN c.h.c.r.e.LoggingCSSParseErrorHandler: Browser compliant mode skipped CSS from [5:69115] starting at token ' ' until [5:69116] to token ';' (based on com.helger.css.parser.ParseException: Encountered unexpected token: ";" ";"
    at line 5, column 69116.

Was expecting one of:

    "+"
    "-"
    "["
    "and"
    "expression("
    "from"
    "inherit"
    "not"
    "only"
    "or"
    "to"
    <ANGLE_DEG>
    <ANGLE_GRAD>
    <ANGLE_RAD>
    <ANGLE_TURN>
    <CH>
    <DPCM>
    <DPI>
    <DPPX>
    <EM>
    <EX>
    <FR>
    <FREQ_HZ>
    <FREQ_KHZ>
    <FUNCTION>
    <FUNCTION_CALC>
    <HASH>
    <IDENT>
    <LENGTH_CM>
    <LENGTH_IN>
    <LENGTH_MM>
    <LENGTH_PC>
    <LENGTH_PT>
    <LENGTH_Q>
    <NUMBER>
    <PERCENTAGE>
    <PX>
    <REM>
    <S>
    <STRING1>
    <STRING2>
    <TIME_MS>
    <TIME_S>
    <URANGE>
    <URL>
    <VH>
    <VMAX>
    <VMIN>
    <VW>
)
2023-03-10 14:38:25,389 WARN c.h.c.r.e.LoggingCSSParseErrorHandler: Browser compliant mode skipped CSS from [5:71798] starting at token ' ' until [5:71799] to token ';' (based on com.helger.css.parser.ParseException: Encountered unexpected token: ";" ";"
    at line 5, column 71799.

Was expecting one of:

    "+"
    "-"
    "["
    "and"
    "expression("
    "from"
    "inherit"
    "not"
    "only"
    "or"
    "to"
    <ANGLE_DEG>
    <ANGLE_GRAD>
    <ANGLE_RAD>
    <ANGLE_TURN>
    <CH>
    <DPCM>
    <DPI>
    <DPPX>
    <EM>
    <EX>
    <FR>
    <FREQ_HZ>
    <FREQ_KHZ>
    <FUNCTION>
    <FUNCTION_CALC>
    <HASH>
    <IDENT>
    <LENGTH_CM>
    <LENGTH_IN>
    <LENGTH_MM>
    <LENGTH_PC>
    <LENGTH_PT>
    <LENGTH_Q>
    <NUMBER>
    <PERCENTAGE>
    <PX>
    <REM>
    <S>
    <STRING1>
    <STRING2>
    <TIME_MS>
    <TIME_S>
    <URANGE>
    <URL>
    <VH>
    <VMAX>
    <VMIN>
    <VW>
)
2023-03-10 14:38:25,391 WARN c.h.c.r.e.LoggingCSSParseErrorHandler: Browser compliant mode skipped CSS from [5:76851] starting at token ' ' until [5:76852] to token ';' (based on com.helger.css.parser.ParseException: Encountered unexpected token: ";" ";"
    at line 5, column 76852.

Was expecting one of:

    "+"
    "-"
    "["
    "and"
    "expression("
    "from"
    "inherit"
    "not"
    "only"
    "or"
    "to"
    <ANGLE_DEG>
    <ANGLE_GRAD>
    <ANGLE_RAD>
    <ANGLE_TURN>
    <CH>
    <DPCM>
    <DPI>
    <DPPX>
    <EM>
    <EX>
    <FR>
    <FREQ_HZ>
    <FREQ_KHZ>
    <FUNCTION>
    <FUNCTION_CALC>
    <HASH>
    <IDENT>
    <LENGTH_CM>
    <LENGTH_IN>
    <LENGTH_MM>
    <LENGTH_PC>
    <LENGTH_PT>
    <LENGTH_Q>
    <NUMBER>
    <PERCENTAGE>
    <PX>
    <REM>
    <S>
    <STRING1>
    <STRING2>
    <TIME_MS>
    <TIME_S>
    <URANGE>
    <URL>
    <VH>
    <VMAX>
    <VMIN>
    <VW>
)
2023-03-10 14:38:25,395 WARN c.h.c.r.e.LoggingCSSParseErrorHandler: Browser compliant mode skipped CSS from [5:84794] starting at token ' ' until [5:84795] to token ';' (based on com.helger.css.parser.ParseException: Encountered unexpected token: ";" ";"
    at line 5, column 84795.

Was expecting one of:

    "+"
    "-"
    "["
    "and"
    "expression("
    "from"
    "inherit"
    "not"
    "only"
    "or"
    "to"
    <ANGLE_DEG>
    <ANGLE_GRAD>
    <ANGLE_RAD>
    <ANGLE_TURN>
    <CH>
    <DPCM>
    <DPI>
    <DPPX>
    <EM>
    <EX>
    <FR>
    <FREQ_HZ>
    <FREQ_KHZ>
    <FUNCTION>
    <FUNCTION_CALC>
    <HASH>
    <IDENT>
    <LENGTH_CM>
    <LENGTH_IN>
    <LENGTH_MM>
    <LENGTH_PC>
    <LENGTH_PT>
    <LENGTH_Q>
    <NUMBER>
    <PERCENTAGE>
    <PX>
    <REM>
    <S>
    <STRING1>
    <STRING2>
    <TIME_MS>
    <TIME_S>
    <URANGE>
    <URL>
    <VH>
    <VMAX>
    <VMIN>
    <VW>
)
2023-03-10 14:38:25,395 WARN c.h.c.r.e.LoggingCSSParseErrorHandler: Browser compliant mode skipped CSS from [5:84821] starting at token ' ' until [5:84822] to token ';' (based on com.helger.css.parser.ParseException: Encountered unexpected token: ";" ";"
    at line 5, column 84822.

Was expecting one of:

    "+"
    "-"
    "["
    "and"
    "expression("
    "from"
    "inherit"
    "not"
    "only"
    "or"
    "to"
    <ANGLE_DEG>
    <ANGLE_GRAD>
    <ANGLE_RAD>
    <ANGLE_TURN>
    <CH>
    <DPCM>
    <DPI>
    <DPPX>
    <EM>
    <EX>
    <FR>
    <FREQ_HZ>
    <FREQ_KHZ>
    <FUNCTION>
    <FUNCTION_CALC>
    <HASH>
    <IDENT>
    <LENGTH_CM>
    <LENGTH_IN>
    <LENGTH_MM>
    <LENGTH_PC>
    <LENGTH_PT>
    <LENGTH_Q>
    <NUMBER>
    <PERCENTAGE>
    <PX>
    <REM>
    <S>
    <STRING1>
    <STRING2>
    <TIME_MS>
    <TIME_S>
    <URANGE>
    <URL>
    <VH>
    <VMAX>
    <VMIN>
    <VW>
)
2023-03-10 14:38:25,395 WARN c.h.c.r.e.LoggingCSSParseErrorHandler: Browser compliant mode skipped CSS from [5:84996] starting at token ' ' until [5:84997] to token ';' (based on com.helger.css.parser.ParseException: Encountered unexpected token: ";" ";"
    at line 5, column 84997.

Was expecting one of:

    "+"
    "-"
    "["
    "and"
    "expression("
    "from"
    "inherit"
    "not"
    "only"
    "or"
    "to"
    <ANGLE_DEG>
    <ANGLE_GRAD>
    <ANGLE_RAD>
    <ANGLE_TURN>
    <CH>
    <DPCM>
    <DPI>
    <DPPX>
    <EM>
    <EX>
    <FR>
    <FREQ_HZ>
    <FREQ_KHZ>
    <FUNCTION>
    <FUNCTION_CALC>
    <HASH>
    <IDENT>
    <LENGTH_CM>
    <LENGTH_IN>
    <LENGTH_MM>
    <LENGTH_PC>
    <LENGTH_PT>
    <LENGTH_Q>
    <NUMBER>
    <PERCENTAGE>
    <PX>
    <REM>
    <S>
    <STRING1>
    <STRING2>
    <TIME_MS>
    <TIME_S>
    <URANGE>
    <URL>
    <VH>
    <VMAX>
    <VMIN>
    <VW>
)
2023-03-10 14:38:25,395 WARN c.h.c.r.e.LoggingCSSParseErrorHandler: Browser compliant mode skipped CSS from [5:85219] starting at token ' ' until [5:85220] to token ';' (based on com.helger.css.parser.ParseException: Encountered unexpected token: ";" ";"
    at line 5, column 85220.

Was expecting one of:

    "+"
    "-"
    "["
    "and"
    "expression("
    "from"
    "inherit"
    "not"
    "only"
    "or"
    "to"
    <ANGLE_DEG>
    <ANGLE_GRAD>
    <ANGLE_RAD>
    <ANGLE_TURN>
    <CH>
    <DPCM>
    <DPI>
    <DPPX>
    <EM>
    <EX>
    <FR>
    <FREQ_HZ>
    <FREQ_KHZ>
    <FUNCTION>
    <FUNCTION_CALC>
    <HASH>
    <IDENT>
    <LENGTH_CM>
    <LENGTH_IN>
    <LENGTH_MM>
    <LENGTH_PC>
    <LENGTH_PT>
    <LENGTH_Q>
    <NUMBER>
    <PERCENTAGE>
    <PX>
    <REM>
    <S>
    <STRING1>
    <STRING2>
    <TIME_MS>
    <TIME_S>
    <URANGE>
    <URL>
    <VH>
    <VMAX>
    <VMIN>
    <VW>
)
2023-03-10 14:38:25,395 WARN c.h.c.r.e.LoggingCSSParseErrorHandler: Browser compliant mode skipped CSS from [5:85238] starting at token ' ' until [5:85239] to token ';' (based on com.helger.css.parser.ParseException: Encountered unexpected token: ";" ";"
    at line 5, column 85239.

Was expecting one of:

    "+"
    "-"
    "["
    "and"
    "expression("
    "from"
    "inherit"
    "not"
    "only"
    "or"
    "to"
    <ANGLE_DEG>
    <ANGLE_GRAD>
    <ANGLE_RAD>
    <ANGLE_TURN>
    <CH>
    <DPCM>
    <DPI>
    <DPPX>
    <EM>
    <EX>
    <FR>
    <FREQ_HZ>
    <FREQ_KHZ>
    <FUNCTION>
    <FUNCTION_CALC>
    <HASH>
    <IDENT>
    <LENGTH_CM>
    <LENGTH_IN>
    <LENGTH_MM>
    <LENGTH_PC>
    <LENGTH_PT>
    <LENGTH_Q>
    <NUMBER>
    <PERCENTAGE>
    <PX>
    <REM>
    <S>
    <STRING1>
    <STRING2>
    <TIME_MS>
    <TIME_S>
    <URANGE>
    <URL>
    <VH>
    <VMAX>
    <VMIN>
    <VW>
)
2023-03-10 14:38:25,395 WARN c.h.c.r.e.LoggingCSSParseErrorHandler: Browser compliant mode skipped CSS from [5:85256] starting at token ' ' until [5:85257] to token ';' (based on com.helger.css.parser.ParseException: Encountered unexpected token: ";" ";"
    at line 5, column 85257.

Was expecting one of:

    "+"
    "-"
    "["
    "and"
    "expression("
    "from"
    "inherit"
    "not"
    "only"
    "or"
    "to"
    <ANGLE_DEG>
    <ANGLE_GRAD>
    <ANGLE_RAD>
    <ANGLE_TURN>
    <CH>
    <DPCM>
    <DPI>
    <DPPX>
    <EM>
    <EX>
    <FR>
    <FREQ_HZ>
    <FREQ_KHZ>
    <FUNCTION>
    <FUNCTION_CALC>
    <HASH>
    <IDENT>
    <LENGTH_CM>
    <LENGTH_IN>
    <LENGTH_MM>
    <LENGTH_PC>
    <LENGTH_PT>
    <LENGTH_Q>
    <NUMBER>
    <PERCENTAGE>
    <PX>
    <REM>
    <S>
    <STRING1>
    <STRING2>
    <TIME_MS>
    <TIME_S>
    <URANGE>
    <URL>
    <VH>
    <VMAX>
    <VMIN>
    <VW>
)
2023-03-10 14:38:25,399 WARN c.h.c.r.e.LoggingCSSParseErrorHandler: Browser compliant mode skipped CSS from [5:94514] starting at token ' ' until [5:94515] to token ';' (based on com.helger.css.parser.ParseException: Encountered unexpected token: ";" ";"
    at line 5, column 94515.

Was expecting one of:

    "+"
    "-"
    "["
    "and"
    "expression("
    "from"
    "inherit"
    "not"
    "only"
    "or"
    "to"
    <ANGLE_DEG>
    <ANGLE_GRAD>
    <ANGLE_RAD>
    <ANGLE_TURN>
    <CH>
    <DPCM>
    <DPI>
    <DPPX>
    <EM>
    <EX>
    <FR>
    <FREQ_HZ>
    <FREQ_KHZ>
    <FUNCTION>
    <FUNCTION_CALC>
    <HASH>
    <IDENT>
    <LENGTH_CM>
    <LENGTH_IN>
    <LENGTH_MM>
    <LENGTH_PC>
    <LENGTH_PT>
    <LENGTH_Q>
    <NUMBER>
    <PERCENTAGE>
    <PX>
    <REM>
    <S>
    <STRING1>
    <STRING2>
    <TIME_MS>
    <TIME_S>
    <URANGE>
    <URL>
    <VH>
    <VMAX>
    <VMIN>
    <VW>
)
2023-03-10 14:38:25,399 WARN c.h.c.r.e.LoggingCSSParseErrorHandler: Browser compliant mode skipped CSS from [5:94546] starting at token ' ' until [5:94547] to token ';' (based on com.helger.css.parser.ParseException: Encountered unexpected token: ";" ";"
    at line 5, column 94547.

Was expecting one of:

    "+"
    "-"
    "["
    "and"
    "expression("
    "from"
    "inherit"
    "not"
    "only"
    "or"
    "to"
    <ANGLE_DEG>
    <ANGLE_GRAD>
    <ANGLE_RAD>
    <ANGLE_TURN>
    <CH>
    <DPCM>
    <DPI>
    <DPPX>
    <EM>
    <EX>
    <FR>
    <FREQ_HZ>
    <FREQ_KHZ>
    <FUNCTION>
    <FUNCTION_CALC>
    <HASH>
    <IDENT>
    <LENGTH_CM>
    <LENGTH_IN>
    <LENGTH_MM>
    <LENGTH_PC>
    <LENGTH_PT>
    <LENGTH_Q>
    <NUMBER>
    <PERCENTAGE>
    <PX>
    <REM>
    <S>
    <STRING1>
    <STRING2>
    <TIME_MS>
    <TIME_S>
    <URANGE>
    <URL>
    <VH>
    <VMAX>
    <VMIN>
    <VW>
)
2023-03-10 14:38:25,407 WARN c.h.c.r.e.LoggingCSSParseErrorHandler: Browser compliant mode skipped CSS from [5:116413] starting at token ' ' until [5:116414] to token ';' (based on com.helger.css.parser.ParseException: Encountered unexpected token: ";" ";"
    at line 5, column 116414.

Was expecting one of:

    "+"
    "-"
    "["
    "and"
    "expression("
    "from"
    "inherit"
    "not"
    "only"
    "or"
    "to"
    <ANGLE_DEG>
    <ANGLE_GRAD>
    <ANGLE_RAD>
    <ANGLE_TURN>
    <CH>
    <DPCM>
    <DPI>
    <DPPX>
    <EM>
    <EX>
    <FR>
    <FREQ_HZ>
    <FREQ_KHZ>
    <FUNCTION>
    <FUNCTION_CALC>
    <HASH>
    <IDENT>
    <LENGTH_CM>
    <LENGTH_IN>
    <LENGTH_MM>
    <LENGTH_PC>
    <LENGTH_PT>
    <LENGTH_Q>
    <NUMBER>
    <PERCENTAGE>
    <PX>
    <REM>
    <S>
    <STRING1>
    <STRING2>
    <TIME_MS>
    <TIME_S>
    <URANGE>
    <URL>
    <VH>
    <VMAX>
    <VMIN>
    <VW>
)
2023-03-10 14:38:25,408 WARN c.h.c.r.e.LoggingCSSParseErrorHandler: Browser compliant mode skipped CSS from [5:118278] starting at token ' ' until [5:118279] to token ';' (based on com.helger.css.parser.ParseException: Encountered unexpected token: ";" ";"
    at line 5, column 118279.

Was expecting one of:

    "+"
    "-"
    "["
    "and"
    "expression("
    "from"
    "inherit"
    "not"
    "only"
    "or"
    "to"
    <ANGLE_DEG>
    <ANGLE_GRAD>
    <ANGLE_RAD>
    <ANGLE_TURN>
    <CH>
    <DPCM>
    <DPI>
    <DPPX>
    <EM>
    <EX>
    <FR>
    <FREQ_HZ>
    <FREQ_KHZ>
    <FUNCTION>
    <FUNCTION_CALC>
    <HASH>
    <IDENT>
    <LENGTH_CM>
    <LENGTH_IN>
    <LENGTH_MM>
    <LENGTH_PC>
    <LENGTH_PT>
    <LENGTH_Q>
    <NUMBER>
    <PERCENTAGE>
    <PX>
    <REM>
    <S>
    <STRING1>
    <STRING2>
    <TIME_MS>
    <TIME_S>
    <URANGE>
    <URL>
    <VH>
    <VMAX>
    <VMIN>
    <VW>
)
2023-03-10 14:38:25,408 WARN c.h.c.r.e.LoggingCSSParseErrorHandler: Browser compliant mode skipped CSS from [5:118933] starting at token ' ' until [5:118934] to token ';' (based on com.helger.css.parser.ParseException: Encountered unexpected token: ";" ";"
    at line 5, column 118934.

Was expecting one of:

    "+"
    "-"
    "["
    "and"
    "expression("
    "from"
    "inherit"
    "not"
    "only"
    "or"
    "to"
    <ANGLE_DEG>
    <ANGLE_GRAD>
    <ANGLE_RAD>
    <ANGLE_TURN>
    <CH>
    <DPCM>
    <DPI>
    <DPPX>
    <EM>
    <EX>
    <FR>
    <FREQ_HZ>
    <FREQ_KHZ>
    <FUNCTION>
    <FUNCTION_CALC>
    <HASH>
    <IDENT>
    <LENGTH_CM>
    <LENGTH_IN>
    <LENGTH_MM>
    <LENGTH_PC>
    <LENGTH_PT>
    <LENGTH_Q>
    <NUMBER>
    <PERCENTAGE>
    <PX>
    <REM>
    <S>
    <STRING1>
    <STRING2>
    <TIME_MS>
    <TIME_S>
    <URANGE>
    <URL>
    <VH>
    <VMAX>
    <VMIN>
    <VW>
)
2023-03-10 14:38:25,411 WARN c.h.c.r.e.LoggingCSSParseErrorHandler: Browser compliant mode skipped CSS from [5:124158] starting at token ' ' until [5:124159] to token ';' (based on com.helger.css.parser.ParseException: Encountered unexpected token: ";" ";"
    at line 5, column 124159.

Was expecting one of:

    "+"
    "-"
    "["
    "and"
    "expression("
    "from"
    "inherit"
    "not"
    "only"
    "or"
    "to"
    <ANGLE_DEG>
    <ANGLE_GRAD>
    <ANGLE_RAD>
    <ANGLE_TURN>
    <CH>
    <DPCM>
    <DPI>
    <DPPX>
    <EM>
    <EX>
    <FR>
    <FREQ_HZ>
    <FREQ_KHZ>
    <FUNCTION>
    <FUNCTION_CALC>
    <HASH>
    <IDENT>
    <LENGTH_CM>
    <LENGTH_IN>
    <LENGTH_MM>
    <LENGTH_PC>
    <LENGTH_PT>
    <LENGTH_Q>
    <NUMBER>
    <PERCENTAGE>
    <PX>
    <REM>
    <S>
    <STRING1>
    <STRING2>
    <TIME_MS>
    <TIME_S>
    <URANGE>
    <URL>
    <VH>
    <VMAX>
    <VMIN>
    <VW>
)
2023-03-10 14:38:25,412 WARN c.h.c.r.e.LoggingCSSParseErrorHandler: Browser compliant mode skipped CSS from [5:127600] starting at token ' ' until [5:127601] to token ';' (based on com.helger.css.parser.ParseException: Encountered unexpected token: ";" ";"
    at line 5, column 127601.

Was expecting one of:

    "+"
    "-"
    "["
    "and"
    "expression("
    "from"
    "inherit"
    "not"
    "only"
    "or"
    "to"
    <ANGLE_DEG>
    <ANGLE_GRAD>
    <ANGLE_RAD>
    <ANGLE_TURN>
    <CH>
    <DPCM>
    <DPI>
    <DPPX>
    <EM>
    <EX>
    <FR>
    <FREQ_HZ>
    <FREQ_KHZ>
    <FUNCTION>
    <FUNCTION_CALC>
    <HASH>
    <IDENT>
    <LENGTH_CM>
    <LENGTH_IN>
    <LENGTH_MM>
    <LENGTH_PC>
    <LENGTH_PT>
    <LENGTH_Q>
    <NUMBER>
    <PERCENTAGE>
    <PX>
    <REM>
    <S>
    <STRING1>
    <STRING2>
    <TIME_MS>
    <TIME_S>
    <URANGE>
    <URL>
    <VH>
    <VMAX>
    <VMIN>
    <VW>
)
2023-03-10 14:38:25,484 INFO o.a.j.t.JMeterThread: Thread is done: Thread Group 1-1
2023-03-10 14:38:25,484 INFO o.a.j.t.JMeterThread: Thread finished: Thread Group 1-1
2023-03-10 14:39:17,580 INFO o.a.j.t.JMeterThread: Thread is done: Thread Group 1-4
2023-03-10 14:39:17,580 INFO o.a.j.t.JMeterThread: Thread finished: Thread Group 1-4
2023-03-10 14:39:28,862 INFO o.a.j.t.JMeterThread: Thread is done: Thread Group 1-10
2023-03-10 14:39:28,863 INFO o.a.j.t.JMeterThread: Thread finished: Thread Group 1-10
2023-03-10 14:39:29,678 INFO o.a.j.t.JMeterThread: Thread is done: Thread Group 1-8
2023-03-10 14:39:29,678 INFO o.a.j.t.JMeterThread: Thread finished: Thread Group 1-8
2023-03-10 14:39:32,804 INFO o.a.j.r.Summariser: summary +      5 in 00:01:12 =    0.1/s Avg: 51743 Min:  4849 Max: 68359 Err:     0 (0.00%) Active: 6 Started: 10 Finished: 4
2023-03-10 14:39:32,804 INFO o.a.j.t.JMeterThread: Thread is done: Thread Group 1-9
2023-03-10 14:39:32,804 INFO o.a.j.t.JMeterThread: Thread finished: Thread Group 1-9
2023-03-10 14:39:35,406 INFO o.a.j.t.JMeterThread: Thread is done: Thread Group 1-6
2023-03-10 14:39:35,407 INFO o.a.j.t.JMeterThread: Thread finished: Thread Group 1-6
2023-03-10 14:39:37,073 INFO o.a.j.t.JMeterThread: Thread is done: Thread Group 1-7
2023-03-10 14:39:37,074 INFO o.a.j.t.JMeterThread: Thread finished: Thread Group 1-7
2023-03-10 14:39:42,428 INFO o.a.j.t.JMeterThread: Thread is done: Thread Group 1-5
2023-03-10 14:39:42,429 INFO o.a.j.t.JMeterThread: Thread finished: Thread Group 1-5
2023-03-10 14:39:54,901 INFO o.a.j.t.JMeterThread: Thread is done: Thread Group 1-2
2023-03-10 14:39:54,902 INFO o.a.j.t.JMeterThread: Thread finished: Thread Group 1-2
2023-03-10 14:40:00,416 INFO o.a.j.r.Summariser: summary +      5 in 00:00:28 =    0.2/s Avg: 83877 Min: 72537 Max: 99049 Err:     0 (0.00%) Active: 1 Started: 10 Finished: 9
2023-03-10 14:40:00,417 INFO o.a.j.r.Summariser: summary =     10 in 00:01:40 =    0.1/s Avg: 67810 Min:  4849 Max: 99049 Err:     0 (0.00%)
2023-03-10 14:40:00,418 INFO o.a.j.t.JMeterThread: Thread is done: Thread Group 1-3
2023-03-10 14:40:00,418 INFO o.a.j.t.JMeterThread: Thread finished: Thread Group 1-3
2023-03-10 14:40:00,421 INFO o.a.j.e.StandardJMeterEngine: Notifying test listeners of end of test
2023-03-10 14:40:00,424 INFO o.a.j.r.Summariser: summary =     10 in 00:01:40 =    0.1/s Avg: 67810 Min:  4849 Max: 99049 Err:     0 (0.00%)
2023-03-10 14:40:00,424 INFO o.a.j.JMeter: Generating Dashboard
2023-03-10 14:40:00,424 INFO o.a.j.r.d.ReportGenerator: Flushing result collector before report Generation
2023-03-10 14:40:00,439 INFO o.a.j.r.p.NormalizerSampleConsumer: Using format, 'ms', to parse timeStamp field
2023-03-10 14:40:00,503 INFO o.a.j.r.p.AbstractSampleConsumer: class org.apache.jmeter.report.processor.AggregateConsumer#stopProducing(): beginDate produced 0 samples
2023-03-10 14:40:00,503 INFO o.a.j.r.p.AbstractSampleConsumer: class org.apache.jmeter.report.processor.AggregateConsumer#stopProducing(): endDate produced 0 samples
2023-03-10 14:40:00,504 INFO o.a.j.r.p.AbstractSampleConsumer: class org.apache.jmeter.report.processor.ApdexSummaryConsumer#stopProducing(): apdexSummary produced 0 samples
2023-03-10 14:40:00,504 INFO o.a.j.r.p.AbstractSampleConsumer: class org.apache.jmeter.report.processor.RequestsSummaryConsumer#stopProducing(): requestsSummary produced 0 samples
2023-03-10 14:40:00,506 INFO o.a.j.r.p.AbstractSampleConsumer: class org.apache.jmeter.report.processor.StatisticsSummaryConsumer#stopProducing(): statisticsSummary produced 0 samples
2023-03-10 14:40:00,507 INFO o.a.j.r.p.AbstractSampleConsumer: class org.apache.jmeter.report.processor.Top5ErrorsBySamplerConsumer#stopProducing(): top5ErrorsBySampler produced 0 samples
2023-03-10 14:40:00,507 INFO o.a.j.r.p.AbstractSampleConsumer: class org.apache.jmeter.report.processor.ErrorsSummaryConsumer#stopProducing(): errorsSummary produced 0 samples
2023-03-10 14:40:00,507 INFO o.a.j.r.p.AbstractSampleConsumer: class org.apache.jmeter.report.processor.graph.impl.HitsPerSecondGraphConsumer#stopProducing(): hitsPerSecond produced 0 samples
2023-03-10 14:40:00,512 INFO o.a.j.r.p.AbstractSampleConsumer: class org.apache.jmeter.report.processor.graph.impl.LatencyVSRequestGraphConsumer#stopProducing(): latencyVsRequest produced 0 samples
2023-03-10 14:40:00,513 INFO o.a.j.r.p.AbstractSampleConsumer: class org.apache.jmeter.report.processor.graph.impl.SyntheticResponseTimeDistributionGraphConsumer#stopProducing(): syntheticResponseTimeDistribution produced 0 samples
2023-03-10 14:40:00,513 INFO o.a.j.r.p.AbstractSampleConsumer: class org.apache.jmeter.report.processor.graph.impl.BytesThroughputGraphConsumer#stopProducing(): bytesThroughputOverTime produced 0 samples
2023-03-10 14:40:00,513 INFO o.a.j.r.p.AbstractSampleConsumer: class org.apache.jmeter.report.processor.graph.impl.CodesPerSecondGraphConsumer#stopProducing(): codesPerSecond produced 0 samples
2023-03-10 14:40:00,516 INFO o.a.j.r.p.AbstractSampleConsumer: class org.apache.jmeter.report.processor.graph.impl.ResponseTimeVSRequestGraphConsumer#stopProducing(): responseTimeVsRequest produced 0 samples
2023-03-10 14:40:00,516 INFO o.a.j.r.p.AbstractSampleConsumer: class org.apache.jmeter.report.processor.FilterConsumer#stopProducing(): startIntervalControlerFilter produced 490 samples
2023-03-10 14:40:00,516 INFO o.a.j.r.p.AbstractSampleConsumer: class org.apache.jmeter.report.processor.graph.impl.TotalTPSGraphConsumer#stopProducing(): totalTPS produced 0 samples
2023-03-10 14:40:00,516 INFO o.a.j.r.p.AbstractSampleConsumer: class org.apache.jmeter.report.processor.graph.impl.ActiveThreadsGraphConsumer#stopProducing(): activeThreadsOverTime produced 0 samples
2023-03-10 14:40:00,516 INFO o.a.j.r.p.AbstractSampleConsumer: class org.apache.jmeter.report.processor.graph.impl.TimeVSThreadGraphConsumer#stopProducing(): timeVsThreads produced 0 samples
2023-03-10 14:40:00,517 INFO o.a.j.r.p.AbstractSampleConsumer: class org.apache.jmeter.report.processor.graph.impl.ResponseTimeDistributionGraphConsumer#stopProducing(): responseTimeDistribution produced 0 samples
2023-03-10 14:40:00,517 INFO o.a.j.r.p.AbstractSampleConsumer: class org.apache.jmeter.report.processor.graph.impl.TransactionsPerSecondGraphConsumer#stopProducing(): transactionsPerSecond produced 0 samples
2023-03-10 14:40:00,517 INFO o.a.j.r.p.AbstractSampleConsumer: class org.apache.jmeter.report.processor.graph.impl.ResponseTimePercentilesGraphConsumer#stopProducing(): responseTimePercentiles produced 0 samples
2023-03-10 14:40:00,518 INFO o.a.j.r.p.AbstractSampleConsumer: class org.apache.jmeter.report.processor.graph.impl.ResponseTimePercentilesOverTimeGraphConsumer#stopProducing(): responseTimePercentilesOverTime produced 0 samples
2023-03-10 14:40:00,518 INFO o.a.j.r.p.AbstractSampleConsumer: class org.apache.jmeter.report.processor.graph.impl.ResponseTimeOverTimeGraphConsumer#stopProducing(): responseTimesOverTime produced 0 samples
2023-03-10 14:40:00,518 INFO o.a.j.r.p.AbstractSampleConsumer: class org.apache.jmeter.report.processor.graph.impl.ConnectTimeOverTimeGraphConsumer#stopProducing(): connectTimeOverTime produced 0 samples
2023-03-10 14:40:00,518 INFO o.a.j.r.p.AbstractSampleConsumer: class org.apache.jmeter.report.processor.graph.impl.LatencyOverTimeGraphConsumer#stopProducing(): latenciesOverTime produced 0 samples
2023-03-10 14:40:00,519 INFO o.a.j.r.p.AbstractSampleConsumer: class org.apache.jmeter.report.processor.FilterConsumer#stopProducing(): nameFilter produced 1200 samples
2023-03-10 14:40:00,519 INFO o.a.j.r.p.AbstractSampleConsumer: class org.apache.jmeter.report.processor.FilterConsumer#stopProducing(): dateRangeFilter produced 240 samples
2023-03-10 14:40:00,519 INFO o.a.j.r.p.AbstractSampleConsumer: class org.apache.jmeter.report.processor.NormalizerSampleConsumer#stopProducing(): normalizer produced 80 samples
2023-03-10 14:40:00,519 INFO o.a.j.r.p.CsvFileSampleSource: produce(): 80 samples produced in 53ms on channel 0
2023-03-10 14:40:00,519 INFO o.a.j.r.d.ReportGenerator: Exporting data using exporter:'json' of className:'org.apache.jmeter.report.dashboard.JsonExporter'
2023-03-10 14:40:00,580 INFO o.a.j.r.d.JsonExporter: Found data for consumer statisticsSummaryÂ in context
2023-03-10 14:40:00,580 INFO o.a.j.r.d.JsonExporter: Creating statistics for overall
2023-03-10 14:40:00,580 INFO o.a.j.r.d.JsonExporter: Creating statistics for other transactions
2023-03-10 14:40:00,580 INFO o.a.j.r.d.JsonExporter: Checking output folder
2023-03-10 14:40:00,580 INFO o.a.j.r.d.JsonExporter: Writing statistics JSON to /Users/aisling/Documents/University/L4 Project/ACJ in JavaScript - L4 Project/ACJ-in-JavaScript/JMeter-tests-results/acj-open-status-results/statistics.json
2023-03-10 14:40:00,597 INFO o.a.j.r.d.ReportGenerator: Exporting data using exporter:'html' of className:'org.apache.jmeter.report.dashboard.HtmlTemplateExporter'
2023-03-10 14:40:00,598 INFO o.a.j.r.d.HtmlTemplateExporter: Will generate dashboard in folder: /Users/aisling/Documents/University/L4 Project/ACJ in JavaScript - L4 Project/ACJ-in-JavaScript/JMeter-tests-results/acj-open-status-results
2023-03-10 14:40:00,646 INFO o.a.j.r.d.HtmlTemplateExporter: Report will be generated in: /Users/aisling/Documents/University/L4 Project/ACJ in JavaScript - L4 Project/ACJ-in-JavaScript/JMeter-tests-results/acj-open-status-results, creating folder structure
2023-03-10 14:40:00,647 INFO o.a.j.r.d.TemplateVisitor: Copying folder from '/opt/homebrew/Cellar/jmeter/5.5/libexec/bin/report-template' to '/Users/aisling/Documents/University/L4 Project/ACJ in JavaScript - L4 Project/ACJ-in-JavaScript/JMeter-tests-results/acj-open-status-results', got message: /Users/aisling/Documents/University/L4 Project/ACJ in JavaScript - L4 Project/ACJ-in-JavaScript/JMeter-tests-results/acj-open-status-results, found non empty folder with following content [/Users/aisling/Documents/University/L4 Project/ACJ in JavaScript - L4 Project/ACJ-in-JavaScript/JMeter-tests-results/acj-open-status-results/statistics.json], will be ignored
2023-03-10 14:40:00,818 INFO o.a.j.JMeter: Dashboard generated
